  Using 'git status' to determine working set for adaptive non-unity build (C:\Users\aaron\Documents\Unreal Projects\StartProject\Start_Project).
  Parsing headers for Survival_GameEditor
    Running UnrealHeaderTool "C:\Users\aaron\Documents\Unreal Projects\StartProject\Start_Project\Survival_Game\Survival_Game.uproject" "C:\Users\aaron\Documents\Unreal Projects\StartProject\Start_Project\Survival_Game\Intermediate\Build\Win64\Survival_GameEditor\Development\Survival_GameEditor.uhtmanifest" -LogCmds="loginit warning, logexit warning, logdatabase error" -Unattended -WarningsAsErrors -abslog="C:\Users\aaron\AppData\Local\UnrealBuildTool\Log_UHT.txt" -installed
  Reflection code generated for Survival_GameEditor in 18.0111765 seconds
  Building Survival_GameEditor...
  Using Visual Studio 2017 14.16.27026 toolchain (C:\Program Files (x86)\Microsoft Visual Studio\2017\Professional\VC\Tools\MSVC\14.16.27023) and Windows 10.0.17763.0 SDK (C:\Program Files (x86)\Windows Kits\10).
  Building 13 actions with 8 processes...
    [1/13] SurvivalPlayerController.cpp
    [2/13] SurvivalGameCharacter.gen.cpp
    [3/13] GearItem.cpp
    [4/13] EquippableItems.cpp
    [5/13] FoodItem.cpp
    [6/13] SurvivalPlayerController.gen.cpp
    [7/13] Survival_Game.init.gen.cpp
    [8/13] InteractionComponent.cpp
C:\Users\aaron\Documents\Unreal Projects\StartProject\Start_Project\Survival_Game\Source\Survival_Game\Components\InteractionComponent.cpp(68): warning C4996: 'AActor::GetComponentsByClass': Use one of the GetComponents implementations as appropriate Please update your code to the new API before upgrading to the next release, otherwise your project will no longer compile.
    C:\Program Files\Epic Games\UE_4.26\Engine\Source\Runtime\Engine\Classes\GameFramework/Actor.h(3056): note: see declaration of 'AActor::GetComponentsByClass'
C:\Users\aaron\Documents\Unreal Projects\StartProject\Start_Project\Survival_Game\Source\Survival_Game\Components\InteractionComponent.cpp(82): warning C4996: 'AActor::GetComponentsByClass': Use one of the GetComponents implementations as appropriate Please update your code to the new API before upgrading to the next release, otherwise your project will no longer compile.
    C:\Program Files\Epic Games\UE_4.26\Engine\Source\Runtime\Engine\Classes\GameFramework/Actor.h(3056): note: see declaration of 'AActor::GetComponentsByClass'
    [9/13] Pickup.cpp
    [10/13] SurvivalGameCharacter.cpp
    [11/13] UE4Editor-Survival_Game-0005.lib
       Creating library C:\Users\aaron\Documents\Unreal Projects\StartProject\Start_Project\Survival_Game\Intermediate\Build\Win64\UE4Editor\Development\Survival_Game\UE4Editor-Survival_Game-0005.lib and object C:\Users\aaron\Documents\Unreal Projects\StartProject\Start_Project\Survival_Game\Intermediate\Build\Win64\UE4Editor\Development\Survival_Game\UE4Editor-Survival_Game-0005.exp
    [12/13] UE4Editor-Survival_Game-0005.dll
       Creating library C:\Users\aaron\Documents\Unreal Projects\StartProject\Start_Project\Survival_Game\Intermediate\Build\Win64\UE4Editor\Development\Survival_Game\UE4Editor-Survival_Game-0005.suppressed.lib and object C:\Users\aaron\Documents\Unreal Projects\StartProject\Start_Project\Survival_Game\Intermediate\Build\Win64\UE4Editor\Development\Survival_Game\UE4Editor-Survival_Game-0005.suppressed.exp
    [13/13] Survival_GameEditor.target
  Total time in Parallel executor: 14.02 seconds
  Total execution time: 33.05 seconds
